2025/02/14 12:53:59 main.go:46: [36m[INFO][0m [frantic-aegis] Starting...
2025/02/14 12:53:59 main.go:52: [36m[INFO][0m [frantic-aegis] Connecting...
2025/02/14 12:53:59 dao.go:18: [36m[INFO][0m [DAO] Initialising...
2025/02/14 12:53:59 logger.go:161: [36m[INFO][0m *------------------------------------------------------------------------*
2025/02/14 12:53:59 logger.go:162: [36m[INFO][0m [DAO] Activity=[Status] - Importing
2025/02/14 12:53:59 logger.go:163: [36m[INFO][0m *------------------------------------------------------------------------*
2025/02/14 12:53:59 dao.go:31: [36m[INFO][0m [DAO] Initialised
2025/02/14 12:53:59 main.go:57: [36m[INFO][0m [frantic-aegis] Connected
2025/02/14 12:53:59 main.go:73: [36m[INFO][0m [frantic-aegis] Starting...
2025/02/14 12:53:59 logger.go:161: [36m[INFO][0m *------------------------------------------------------------------------*
2025/02/14 12:53:59 logger.go:162: [36m[INFO][0m [FRANTIC-AEGIS] Activity=[Initialise] - Start...
2025/02/14 12:53:59 logger.go:163: [36m[INFO][0m *------------------------------------------------------------------------*
2025/02/14 12:53:59 logger.go:161: [36m[INFO][0m *------------------------------------------------------------------------*
2025/02/14 12:53:59 logger.go:162: [36m[INFO][0m [FRANTIC-AEGIS] Activity=[Status] - Imported
2025/02/14 12:53:59 logger.go:163: [36m[INFO][0m *------------------------------------------------------------------------*
2025/02/14 12:53:59 logger.go:161: [36m[INFO][0m *------------------------------------------------------------------------*
2025/02/14 12:53:59 logger.go:162: [36m[INFO][0m [FRANTIC-AEGIS] Activity=[Initialise] - Done
2025/02/14 12:53:59 logger.go:163: [36m[INFO][0m *------------------------------------------------------------------------*
2025/02/14 12:53:59 main.go:175: [36m[INFO][0m [FRANTIC-AEGIS] Starting Server Port=[5052]
2025/02/14 12:53:59 main.go:179: [36m[INFO][0m [FRANTIC-AEGIS] Listening on http://n/a:5052/
